Using pre-set license

 COMMAND LINE ARGUMENTS:
/Applications/Unity/Hub/Editor/2020.3.16f1/Unity.app/Contents/MacOS/Unity
-adb2
-batchMode
-noUpm
-name
AssetImportWorker0
-projectPath
/Users/alejandromorales/Desktop/DIG3480/FinalProject
-logFile
Logs/AssetImportWorker0.log
-srvPort
51994
Successfully changed project path to: /Users/alejandromorales/Desktop/DIG3480/FinalProject
/Users/alejandromorales/Desktop/DIG3480/FinalProject
Using Asset Import Pipeline V2.
Refreshing native plugins compatible for Editor in 59.26 ms, found 2 plugins.
Preloading 0 native plugins for Editor in 0.00 ms.
Initialize engine version: 2020.3.16f1 (049d6eca3c44)
[Subsystems] Discovering subsystems at path /Applications/Unity/Hub/Editor/2020.3.16f1/Unity.app/Contents/Resources/UnitySubsystems
[Subsystems] Discovering subsystems at path /Users/alejandromorales/Desktop/DIG3480/FinalProject/Assets
GfxDevice: creating device client; threaded=0
2021-11-27 09:18:50.306 Unity[21072:8485633] Color LCD preferred device: Intel(R) UHD Graphics 630 (low power)
2021-11-27 09:18:50.306 Unity[21072:8485633] Metal devices available: 2
2021-11-27 09:18:50.306 Unity[21072:8485633] 0: AMD Radeon Pro 560X (high power)
2021-11-27 09:18:50.306 Unity[21072:8485633] 1: Intel(R) UHD Graphics 630 (low power)
2021-11-27 09:18:50.307 Unity[21072:8485633] Using device AMD Radeon Pro 560X (high power)
Initializing Metal device caps: AMD Radeon Pro 560X
Initialize mono
Mono path[0] = '/Applications/Unity/Hub/Editor/2020.3.16f1/Unity.app/Contents/Managed'
Mono path[1] = '/Applications/Unity/Hub/Editor/2020.3.16f1/Unity.app/Contents/MonoBleedingEdge/lib/mono/unityjit'
Mono config path = '/Applications/Unity/Hub/Editor/2020.3.16f1/Unity.app/Contents/MonoBleedingEdge/etc'
Using monoOptions --debugger-agent=transport=dt_socket,embedding=1,server=y,suspend=n,address=127.0.0.1:56072
Begin MonoManager ReloadAssembly
Registering precompiled unity dll's ...
Register platform support module: /Applications/Unity/Hub/Editor/2020.3.16f1/Unity.app/Contents/PlaybackEngines/MacStandaloneSupport/UnityEditor.OSXStandalone.Extensions.dll
Register platform support module: /Applications/Unity/Hub/Editor/2020.3.16f1/PlaybackEngines/WindowsStandaloneSupport/UnityEditor.WindowsStandalone.Extensions.dll
Registered in 0.000871 seconds.
Native extension for WindowsStandalone target not found
Native extension for OSXStandalone target not found
Refreshing native plugins compatible for Editor in 42.15 ms, found 2 plugins.
Preloading 0 native plugins for Editor in 0.00 ms.
Mono: successfully reloaded assembly
- Completed reload, in  2.008 seconds
Domain Reload Profiling:
	ReloadAssembly (2008ms)
		BeginReloadAssembly (73ms)
			ExecutionOrderSort (0ms)
			DisableScriptedObjects (0ms)
			BackupInstance (0ms)
			ReleaseScriptingObjects (0ms)
			CreateAndSetChildDomain (1ms)
		EndReloadAssembly (697ms)
			LoadAssemblies (72ms)
			RebuildTransferFunctionScriptingTraits (0ms)
			SetupTypeCache (295ms)
			ReleaseScriptCaches (0ms)
			RebuildScriptCaches (60ms)
			SetupLoadedEditorAssemblies (253ms)
				LogAssemblyErrors (0ms)
				InitializePlatformSupportModulesInManaged (6ms)
				SetLoadedEditorAssemblies (0ms)
				RefreshPlugins (42ms)
				BeforeProcessingInitializeOnLoad (10ms)
				ProcessInitializeOnLoadAttributes (148ms)
				ProcessInitializeOnLoadMethodAttributes (45ms)
				AfterProcessingInitializeOnLoad (0ms)
				EditorAssembliesLoaded (0ms)
			ExecutionOrderSort2 (0ms)
			AwakeInstancesAfterBackupRestoration (0ms)
Platform modules already initialized, skipping
Registering precompiled user dll's ...
Registered in 0.002304 seconds.
Begin MonoManager ReloadAssembly
Native extension for WindowsStandalone target not found
Native extension for OSXStandalone target not found
Refreshing native plugins compatible for Editor in 0.74 ms, found 2 plugins.
Preloading 0 native plugins for Editor in 0.00 ms.
Mono: successfully reloaded assembly
- Completed reload, in  1.899 seconds
Domain Reload Profiling:
	ReloadAssembly (1900ms)
		BeginReloadAssembly (227ms)
			ExecutionOrderSort (0ms)
			DisableScriptedObjects (6ms)
			BackupInstance (0ms)
			ReleaseScriptingObjects (0ms)
			CreateAndSetChildDomain (41ms)
		EndReloadAssembly (1578ms)
			LoadAssemblies (101ms)
			RebuildTransferFunctionScriptingTraits (0ms)
			SetupTypeCache (562ms)
			ReleaseScriptCaches (1ms)
			RebuildScriptCaches (106ms)
			SetupLoadedEditorAssemblies (599ms)
				LogAssemblyErrors (0ms)
				InitializePlatformSupportModulesInManaged (10ms)
				SetLoadedEditorAssemblies (1ms)
				RefreshPlugins (1ms)
				BeforeProcessingInitializeOnLoad (85ms)
				ProcessInitializeOnLoadAttributes (485ms)
				ProcessInitializeOnLoadMethodAttributes (15ms)
				AfterProcessingInitializeOnLoad (2ms)
				EditorAssembliesLoaded (0ms)
			ExecutionOrderSort2 (0ms)
			AwakeInstancesAfterBackupRestoration (14ms)
Platform modules already initialized, skipping
========================================================================
Worker process is ready to serve import requests
Launching external process: /Applications/Unity/Hub/Editor/2020.3.16f1/Unity.app/Contents/Tools/UnityShaderCompiler
Launched and connected shader compiler UnityShaderCompiler after 0.01 seconds
Refreshing native plugins compatible for Editor in 0.65 ms, found 2 plugins.
Preloading 0 native plugins for Editor in 0.00 ms.
Unloading 1641 Unused Serialized files (Serialized files now loaded: 0)
System memory in use before: 147.5 MB.
System memory in use after: 147.5 MB.

Unloading 23 unused Assets to reduce memory usage. Loaded Objects now: 2076.
Total: 3.749565 ms (FindLiveObjects: 0.230515 ms CreateObjectMapping: 0.060794 ms MarkObjects: 3.373599 ms  DeleteObjects: 0.083233 ms)

AssetImportParameters requested are different than current active one (requested -> active):
  custom:video-decoder-ogg-theora: a1e56fd34408186e4bbccfd4996cb3dc -> 
  custom:container-muxer-webm: aa71ff27fc2769a1b78a27578f13a17b -> 
  custom:container-demuxer-webm: 4f35f7cbe854078d1ac9338744f61a02 -> 
  custom:container-demuxer-ogg: 62fdf1f143b41e24485cea50d1cbac27 -> 
  custom:video-encoder-webm-vp8: eb34c28f22e8b96e1ab97ce403110664 -> 
  custom:framework-osx-AVFoundation: e770b220cccbd017edd2c1fefb359320 -> 
  custom:video-decoder-webm-vp8: 9c59270c3fd7afecdb556c50c9e8de78 -> 
  custom:audio-decoder-ogg-vorbis: bf7c407c2cedff20999df2af8eb42d56 -> 
  custom:audio-encoder-webm-vorbis: bf7c407c2cedff20999df2af8eb42d56 -> 
========================================================================
Received Import Request.
  path: Assets/Art
  artifactKey: Guid(6e4a75b412f9e403e9b56d2a1afd8de9) Importer(815301076,1909f56bfc062723c751e8b465ee728b)
Start importing Assets/Art using Guid(6e4a75b412f9e403e9b56d2a1afd8de9) Importer(815301076,1909f56bfc062723c751e8b465ee728b)  -> (artifact id: '603d66f6176afa64a05889a510799277') in 0.004040 seconds 
  Import took 0.007245 seconds .

========================================================================
Received Import Request.
  Time since last request: 0.939875 seconds.
  path: Assets/Art/Tiles/FloorBricksToGrassCorner_0.asset
  artifactKey: Guid(75a8748f564a443d8add4becd0bb6c00) Importer(815301076,1909f56bfc062723c751e8b465ee728b)
Start importing Assets/Art/Tiles/FloorBricksToGrassCorner_0.asset using Guid(75a8748f564a443d8add4becd0bb6c00) Importer(815301076,1909f56bfc062723c751e8b465ee728b)  -> (artifact id: 'ca6a442f8d0401c83cce5bdbe4c9bed3') in 1.268143 seconds 
  Import took 1.271380 seconds .

========================================================================
Received Import Request.
  Time since last request: 0.000249 seconds.
  path: Assets/Art/Tiles/FloorGrassToBricksCorner_1.asset
  artifactKey: Guid(cfd001d7e55c24b909af63726f887293) Importer(815301076,1909f56bfc062723c751e8b465ee728b)
Start importing Assets/Art/Tiles/FloorGrassToBricksCorner_1.asset using Guid(cfd001d7e55c24b909af63726f887293) Importer(815301076,1909f56bfc062723c751e8b465ee728b)  -> (artifact id: 'aac050fe714ea96299bdd498c59be8ed') in 0.014393 seconds 
  Import took 0.018342 seconds .

========================================================================
Received Import Request.
  Time since last request: 0.000224 seconds.
  path: Assets/Art/Tiles/FloorBricksToGrassCorner_7.asset
  artifactKey: Guid(5480427d4884d4458b7adbdf221442b1) Importer(815301076,1909f56bfc062723c751e8b465ee728b)
Start importing Assets/Art/Tiles/FloorBricksToGrassCorner_7.asset using Guid(5480427d4884d4458b7adbdf221442b1) Importer(815301076,1909f56bfc062723c751e8b465ee728b)  -> (artifact id: 'b9e42c6bd51e0af6a874876e31883779') in 0.010231 seconds 
  Import took 0.014221 seconds .

========================================================================
Received Import Request.
  Time since last request: 0.000215 seconds.
  path: Assets/Art/Tiles/FloorBricksToGrassCorner_8.asset
  artifactKey: Guid(8500098a0e4874defa0f080b2b622543) Importer(815301076,1909f56bfc062723c751e8b465ee728b)
Start importing Assets/Art/Tiles/FloorBricksToGrassCorner_8.asset using Guid(8500098a0e4874defa0f080b2b622543) Importer(815301076,1909f56bfc062723c751e8b465ee728b)  -> (artifact id: 'a6588509b5bdbd6bee8cc0b0042cf110') in 0.010617 seconds 
  Import took 0.015488 seconds .

========================================================================
Received Import Request.
  Time since last request: 0.000253 seconds.
  path: Assets/Art/Tiles/FloorGrassToBricksSquare_3.asset
  artifactKey: Guid(26fdc27ed20fe480c83916cb3ade6591) Importer(815301076,1909f56bfc062723c751e8b465ee728b)
Start importing Assets/Art/Tiles/FloorGrassToBricksSquare_3.asset using Guid(26fdc27ed20fe480c83916cb3ade6591) Importer(815301076,1909f56bfc062723c751e8b465ee728b)  -> (artifact id: '676cdb784fab50e4e889be2354fac05f') in 0.008306 seconds 
  Import took 0.012151 seconds .

========================================================================
Received Import Request.
  Time since last request: 0.000202 seconds.
  path: Assets/Art/UI/NPCPortrait.png
  artifactKey: Guid(b3800a53c1753dd469754cebea79220f) Importer(815301076,1909f56bfc062723c751e8b465ee728b)
Start importing Assets/Art/UI/NPCPortrait.png using Guid(b3800a53c1753dd469754cebea79220f) Importer(815301076,1909f56bfc062723c751e8b465ee728b)  -> (artifact id: 'a5bdda15536022e2250082cdabb5acc3') in 1.373198 seconds 
  Import took 1.376085 seconds .

========================================================================
Received Import Request.
  Time since last request: 0.000210 seconds.
  path: Assets/Art/Tiles/FloorBricksToGrassSquare_6.asset
  artifactKey: Guid(fa276d23aabb24e688eaaf262d6046c5) Importer(815301076,1909f56bfc062723c751e8b465ee728b)
Start importing Assets/Art/Tiles/FloorBricksToGrassSquare_6.asset using Guid(fa276d23aabb24e688eaaf262d6046c5) Importer(815301076,1909f56bfc062723c751e8b465ee728b)  -> (artifact id: '6e3dd286aa6a930e7bdabdeba6c14e60') in 0.014427 seconds 
  Import took 0.019793 seconds .

========================================================================
Received Import Request.
  Time since last request: 0.000298 seconds.
  path: Assets/Art/Tiles/FloorGrassToBricksSquare_4.asset
  artifactKey: Guid(a56779db8cce645fe863f3514dd578b0) Importer(815301076,1909f56bfc062723c751e8b465ee728b)
Start importing Assets/Art/Tiles/FloorGrassToBricksSquare_4.asset using Guid(a56779db8cce645fe863f3514dd578b0) Importer(815301076,1909f56bfc062723c751e8b465ee728b)  -> (artifact id: 'b86810ad4ae4628538db887b984f5ecf') in 0.015807 seconds 
  Import took 0.020380 seconds .

========================================================================
Received Import Request.
  Time since last request: 0.000232 seconds.
  path: Assets/Art/Tiles/FloorBricksToGrassSquare_2.asset
  artifactKey: Guid(48c5864db070e4e24ad4301e9146975f) Importer(815301076,1909f56bfc062723c751e8b465ee728b)
Start importing Assets/Art/Tiles/FloorBricksToGrassSquare_2.asset using Guid(48c5864db070e4e24ad4301e9146975f) Importer(815301076,1909f56bfc062723c751e8b465ee728b)  -> (artifact id: '0afb70b21dc3f69b1ccfe74dc3131555') in 0.009154 seconds 
  Import took 0.013502 seconds .

========================================================================
Received Import Request.
  Time since last request: 0.000409 seconds.
  path: Assets/Art/Tiles/FloorGrassToBricksSquare_5.asset
  artifactKey: Guid(891054d29b91549de8d6e07b9c949701) Importer(815301076,1909f56bfc062723c751e8b465ee728b)
Start importing Assets/Art/Tiles/FloorGrassToBricksSquare_5.asset using Guid(891054d29b91549de8d6e07b9c949701) Importer(815301076,1909f56bfc062723c751e8b465ee728b)  -> (artifact id: '78662bf477378b84cdf70ac8408c46b2') in 0.013853 seconds 
  Import took 0.019168 seconds .

========================================================================
Received Import Request.
  Time since last request: 0.000245 seconds.
  path: Assets/Art/Tiles/FloorBricksToGrassSquare_3.asset
  artifactKey: Guid(943c9f69008d449d28080b59f3169b49) Importer(815301076,1909f56bfc062723c751e8b465ee728b)
Start importing Assets/Art/Tiles/FloorBricksToGrassSquare_3.asset using Guid(943c9f69008d449d28080b59f3169b49) Importer(815301076,1909f56bfc062723c751e8b465ee728b)  -> (artifact id: '406f140e31c1b698d451df636e5ebc28') in 0.009533 seconds 
  Import took 0.012998 seconds .

========================================================================
Received Import Request.
  Time since last request: 0.000249 seconds.
  path: Assets/Art/UI/UIDialogueBox.png
  artifactKey: Guid(7817bb4633d6eef409fe258e44933ff0) Importer(815301076,1909f56bfc062723c751e8b465ee728b)
Start importing Assets/Art/UI/UIDialogueBox.png using Guid(7817bb4633d6eef409fe258e44933ff0) Importer(815301076,1909f56bfc062723c751e8b465ee728b)  -> (artifact id: 'ccbe561228bc9e025f77c393c4ca2037') in 0.013841 seconds 
  Import took 0.017496 seconds .

========================================================================
Received Import Request.
  Time since last request: 0.000236 seconds.
  path: Assets/Art/Tiles/FloorBricksToGrassCorner_1.asset
  artifactKey: Guid(fdc9e6a2abce64e2088326ab94ec511d) Importer(815301076,1909f56bfc062723c751e8b465ee728b)
Start importing Assets/Art/Tiles/FloorBricksToGrassCorner_1.asset using Guid(fdc9e6a2abce64e2088326ab94ec511d) Importer(815301076,1909f56bfc062723c751e8b465ee728b)  -> (artifact id: '29fbbc020b44abd75028241547fa4132') in 0.008386 seconds 
  Import took 0.011391 seconds .

========================================================================
Received Import Request.
  Time since last request: 0.000231 seconds.
  path: Assets/Art/Tiles/FloorGrassToBricksCorner_0.asset
  artifactKey: Guid(07facd8e5c4a74a4daba45de99242a49) Importer(815301076,1909f56bfc062723c751e8b465ee728b)
Start importing Assets/Art/Tiles/FloorGrassToBricksCorner_0.asset using Guid(07facd8e5c4a74a4daba45de99242a49) Importer(815301076,1909f56bfc062723c751e8b465ee728b)  -> (artifact id: '7050582f82219a136cc689e1d78e4a1b') in 0.014787 seconds 
  Import took 0.017741 seconds .

========================================================================
Received Import Request.
  Time since last request: 0.000279 seconds.
  path: Assets/Art/UI/CharacterPortrait.png
  artifactKey: Guid(9b03d121b062acf4ba24ab4ac8359ec6) Importer(815301076,1909f56bfc062723c751e8b465ee728b)
Start importing Assets/Art/UI/CharacterPortrait.png using Guid(9b03d121b062acf4ba24ab4ac8359ec6) Importer(815301076,1909f56bfc062723c751e8b465ee728b)  -> (artifact id: '4b4e1e022e1b467b8a26d63b68d00920') in 0.024669 seconds 
  Import took 0.028259 seconds .

========================================================================
Received Import Request.
  Time since last request: 0.000218 seconds.
  path: Assets/Art/Tiles/FloorBricksToGrassSquare_0.asset
  artifactKey: Guid(09e4be8193af243b79354b993492457c) Importer(815301076,1909f56bfc062723c751e8b465ee728b)
Start importing Assets/Art/Tiles/FloorBricksToGrassSquare_0.asset using Guid(09e4be8193af243b79354b993492457c) Importer(815301076,1909f56bfc062723c751e8b465ee728b)  -> (artifact id: '423ada89adb0b877a6cc5858e20fd121') in 0.009819 seconds 
  Import took 0.012890 seconds .

========================================================================
Received Import Request.
  Time since last request: 0.000235 seconds.
  path: Assets/Art/Tiles/FloorGrassToBricksSquare_0.asset
  artifactKey: Guid(437dfe2c44ded470ca049dd7bde04544) Importer(815301076,1909f56bfc062723c751e8b465ee728b)
Start importing Assets/Art/Tiles/FloorGrassToBricksSquare_0.asset using Guid(437dfe2c44ded470ca049dd7bde04544) Importer(815301076,1909f56bfc062723c751e8b465ee728b)  -> (artifact id: '728219eec0be813543fba30dcabb4011') in 0.009727 seconds 
  Import took 0.012534 seconds .

========================================================================
Received Import Request.
  Time since last request: 0.000212 seconds.
  path: Assets/Art/UI/UIHealthFrame.png
  artifactKey: Guid(81f58ad2b3a94534dafb83e840720ef7) Importer(815301076,1909f56bfc062723c751e8b465ee728b)
Start importing Assets/Art/UI/UIHealthFrame.png using Guid(81f58ad2b3a94534dafb83e840720ef7) Importer(815301076,1909f56bfc062723c751e8b465ee728b)  -> (artifact id: 'de2eb92d9a822fd216935d3990dcaa8a') in 0.020708 seconds 
  Import took 0.023434 seconds .

========================================================================
Received Import Request.
  Time since last request: 0.000228 seconds.
  path: Assets/Art/Tiles/FloorBricksToGrassCorner_3.asset
  artifactKey: Guid(27d17ea3fcdab499abe535070a5c357a) Importer(815301076,1909f56bfc062723c751e8b465ee728b)
Start importing Assets/Art/Tiles/FloorBricksToGrassCorner_3.asset using Guid(27d17ea3fcdab499abe535070a5c357a) Importer(815301076,1909f56bfc062723c751e8b465ee728b)  -> (artifact id: '9ab6ec2b7a52126fd854cc7e5431e078') in 0.010369 seconds 
  Import took 0.013240 seconds .

========================================================================
Received Import Request.
  Time since last request: 0.000396 seconds.
  path: Assets/Art/Tiles/FloorBricksToGrassSquare_7.asset
  artifactKey: Guid(d157d606b9005405d93a3255584e2fa0) Importer(815301076,1909f56bfc062723c751e8b465ee728b)
Start importing Assets/Art/Tiles/FloorBricksToGrassSquare_7.asset using Guid(d157d606b9005405d93a3255584e2fa0) Importer(815301076,1909f56bfc062723c751e8b465ee728b)  -> (artifact id: 'fb4911d68887a551a14e85c4cd602072') in 0.010595 seconds 
  Import took 0.014038 seconds .

========================================================================
Received Import Request.
  Time since last request: 0.000255 seconds.
  path: Assets/Art/UI/UIHealthBar.png
  artifactKey: Guid(50b8cb3a76abe4a49b43238b92d7a10d) Importer(815301076,1909f56bfc062723c751e8b465ee728b)
Start importing Assets/Art/UI/UIHealthBar.png using Guid(50b8cb3a76abe4a49b43238b92d7a10d) Importer(815301076,1909f56bfc062723c751e8b465ee728b)  -> (artifact id: 'f3cd45f72c0bd5ccb2e52759d908381c') in 0.017680 seconds 
  Import took 0.020660 seconds .

========================================================================
Received Import Request.
  Time since last request: 0.000222 seconds.
  path: Assets/Art/UI/UIBulletIcon.png
  artifactKey: Guid(d17e7d6818acc584e8437fad0668658c) Importer(815301076,1909f56bfc062723c751e8b465ee728b)
Start importing Assets/Art/UI/UIBulletIcon.png using Guid(d17e7d6818acc584e8437fad0668658c) Importer(815301076,1909f56bfc062723c751e8b465ee728b)  -> (artifact id: '8bb76e17b41a718d33ab9f7d828c94ca') in 0.016906 seconds 
  Import took 0.019654 seconds .

========================================================================
Received Import Request.
  Time since last request: 0.000236 seconds.
  path: Assets/Art/Tiles/FloorBricksToGrassSquare_8.asset
  artifactKey: Guid(cdcde95601ba44474aa4a2b60d05df7f) Importer(815301076,1909f56bfc062723c751e8b465ee728b)
Start importing Assets/Art/Tiles/FloorBricksToGrassSquare_8.asset using Guid(cdcde95601ba44474aa4a2b60d05df7f) Importer(815301076,1909f56bfc062723c751e8b465ee728b)  -> (artifact id: 'ba7d9216e4d6c7d9fd147a3d22bb7422') in 0.011549 seconds 
  Import took 0.014767 seconds .

========================================================================
Received Import Request.
  Time since last request: 0.000240 seconds.
  path: Assets/Art/Tiles/FloorGrassToBricksCorner_8.asset
  artifactKey: Guid(e8732f23cf17945119a2f15ddce0c2c0) Importer(815301076,1909f56bfc062723c751e8b465ee728b)
Start importing Assets/Art/Tiles/FloorGrassToBricksCorner_8.asset using Guid(e8732f23cf17945119a2f15ddce0c2c0) Importer(815301076,1909f56bfc062723c751e8b465ee728b)  -> (artifact id: '11018bb174483395d93d3289040f5c87') in 0.015208 seconds 
  Import took 0.018788 seconds .

========================================================================
Received Import Request.
  Time since last request: 0.000319 seconds.
  path: Assets/Art/Tiles/FloorBricksToGrassSquare_4.asset
  artifactKey: Guid(bbabf5a407475496982f8507c4d36fd6) Importer(815301076,1909f56bfc062723c751e8b465ee728b)
Start importing Assets/Art/Tiles/FloorBricksToGrassSquare_4.asset using Guid(bbabf5a407475496982f8507c4d36fd6) Importer(815301076,1909f56bfc062723c751e8b465ee728b)  -> (artifact id: 'c816f15e6868d4e5b6d68506e0cc1e93') in 0.010452 seconds 
  Import took 0.014061 seconds .

========================================================================
Received Import Request.
  Time since last request: 0.000220 seconds.
  path: Assets/Art/Tiles/FloorGrassToBricksCorner_2.asset
  artifactKey: Guid(c967fa711cab44e8db0fa4f5cfc4de10) Importer(815301076,1909f56bfc062723c751e8b465ee728b)
Start importing Assets/Art/Tiles/FloorGrassToBricksCorner_2.asset using Guid(c967fa711cab44e8db0fa4f5cfc4de10) Importer(815301076,1909f56bfc062723c751e8b465ee728b)  -> (artifact id: 'ff1b3cd47098b9d5ec7a117dd32bb422') in 0.010540 seconds 
  Import took 0.013764 seconds .

========================================================================
Received Import Request.
  Time since last request: 0.000248 seconds.
  path: Assets/Art/Tiles/FloorGrassToBricksSquare_1.asset
  artifactKey: Guid(3d0e837d6de8e46c59d1c2f28e6d0f95) Importer(815301076,1909f56bfc062723c751e8b465ee728b)
Start importing Assets/Art/Tiles/FloorGrassToBricksSquare_1.asset using Guid(3d0e837d6de8e46c59d1c2f28e6d0f95) Importer(815301076,1909f56bfc062723c751e8b465ee728b)  -> (artifact id: 'cc82711546794873f163408a1598822d') in 0.014003 seconds 
  Import took 0.017395 seconds .

========================================================================
Received Import Request.
  Time since last request: 0.000227 seconds.
  path: Assets/Art/Tiles/FloorGrassToBricksCorner_5.asset
  artifactKey: Guid(eb80384186ae1490fb621c9a9aae2b59) Importer(815301076,1909f56bfc062723c751e8b465ee728b)
Start importing Assets/Art/Tiles/FloorGrassToBricksCorner_5.asset using Guid(eb80384186ae1490fb621c9a9aae2b59) Importer(815301076,1909f56bfc062723c751e8b465ee728b)  -> (artifact id: 'f4941c12cab587cecfede7b96fe7bfd1') in 0.011393 seconds 
  Import took 0.014648 seconds .

========================================================================
Received Import Request.
  Time since last request: 0.000231 seconds.
  path: Assets/Art/Tiles/FloorBricksToGrassCorner_6.asset
  artifactKey: Guid(d4336316410d74272966ec6604f0bae8) Importer(815301076,1909f56bfc062723c751e8b465ee728b)
Start importing Assets/Art/Tiles/FloorBricksToGrassCorner_6.asset using Guid(d4336316410d74272966ec6604f0bae8) Importer(815301076,1909f56bfc062723c751e8b465ee728b)  -> (artifact id: '7c0306b68e470a9fcf26b6d8c6829b9e') in 0.010826 seconds 
  Import took 0.013792 seconds .

========================================================================
Received Import Request.
  Time since last request: 0.000238 seconds.
  path: Assets/Art/Tiles/FloorBricksToGrassSquare_1.asset
  artifactKey: Guid(d0cb14859e12245f4a0c0c061aab31bc) Importer(815301076,1909f56bfc062723c751e8b465ee728b)
Start importing Assets/Art/Tiles/FloorBricksToGrassSquare_1.asset using Guid(d0cb14859e12245f4a0c0c061aab31bc) Importer(815301076,1909f56bfc062723c751e8b465ee728b)  -> (artifact id: '9688a7e9271d85d57902c4c4593d5428') in 0.009156 seconds 
  Import took 0.012251 seconds .

========================================================================
Received Import Request.
  Time since last request: 0.000234 seconds.
  path: Assets/Art/Tiles/FloorBricksToGrassSquare_5.asset
  artifactKey: Guid(864c76d8a389e4438b2879bd9c4d4ecc) Importer(815301076,1909f56bfc062723c751e8b465ee728b)
Start importing Assets/Art/Tiles/FloorBricksToGrassSquare_5.asset using Guid(864c76d8a389e4438b2879bd9c4d4ecc) Importer(815301076,1909f56bfc062723c751e8b465ee728b)  -> (artifact id: '7592d8bdd2165d3510d252bf8e02473f') in 0.008509 seconds 
  Import took 0.011544 seconds .

========================================================================
Received Import Request.
  Time since last request: 0.000228 seconds.
  path: Assets/Art/Tiles/FloorBricksToGrassCorner_4.asset
  artifactKey: Guid(cd81b5533f088451a9cb8396ec878f74) Importer(815301076,1909f56bfc062723c751e8b465ee728b)
Start importing Assets/Art/Tiles/FloorBricksToGrassCorner_4.asset using Guid(cd81b5533f088451a9cb8396ec878f74) Importer(815301076,1909f56bfc062723c751e8b465ee728b)  -> (artifact id: 'b66ffab0e0a09d93d24838c90e0685eb') in 0.015677 seconds 
  Import took 0.018997 seconds .

========================================================================
Received Import Request.
  Time since last request: 0.000251 seconds.
  path: Assets/Art/Tiles/FloorGrassToBricksCorner_6.asset
  artifactKey: Guid(4889da00c3f514a7d84e7673a43258df) Importer(815301076,1909f56bfc062723c751e8b465ee728b)
Start importing Assets/Art/Tiles/FloorGrassToBricksCorner_6.asset using Guid(4889da00c3f514a7d84e7673a43258df) Importer(815301076,1909f56bfc062723c751e8b465ee728b)  -> (artifact id: '686a2f2d385f18723ceb5d3e130ed6f5') in 0.008219 seconds 
  Import took 0.011195 seconds .

========================================================================
Received Import Request.
  Time since last request: 0.000205 seconds.
  path: Assets/Art/Tiles/FloorBricksToGrassCorner_2.asset
  artifactKey: Guid(ed57b5a1538424c489346d3cbd9b6e8f) Importer(815301076,1909f56bfc062723c751e8b465ee728b)
Start importing Assets/Art/Tiles/FloorBricksToGrassCorner_2.asset using Guid(ed57b5a1538424c489346d3cbd9b6e8f) Importer(815301076,1909f56bfc062723c751e8b465ee728b)  -> (artifact id: '594592ec996556d39d5bcbbefea19549') in 0.010082 seconds 
  Import took 0.013409 seconds .

========================================================================
Received Import Request.
  Time since last request: 0.000296 seconds.
  path: Assets/Art/Tiles/FloorGrassToBricksCorner_7.asset
  artifactKey: Guid(91dfc0eb780dc4d9eab595800489f90f) Importer(815301076,1909f56bfc062723c751e8b465ee728b)
Start importing Assets/Art/Tiles/FloorGrassToBricksCorner_7.asset using Guid(91dfc0eb780dc4d9eab595800489f90f) Importer(815301076,1909f56bfc062723c751e8b465ee728b)  -> (artifact id: '2d6595ece8d481efa563b1a635421c85') in 0.009972 seconds 
  Import took 0.014170 seconds .

========================================================================
Received Import Request.
  Time since last request: 0.000259 seconds.
  path: Assets/Art/Tiles/FloorGrassToBricksCorner_3.asset
  artifactKey: Guid(c126a157a3d0042629d4de4b4f36da6b) Importer(815301076,1909f56bfc062723c751e8b465ee728b)
Start importing Assets/Art/Tiles/FloorGrassToBricksCorner_3.asset using Guid(c126a157a3d0042629d4de4b4f36da6b) Importer(815301076,1909f56bfc062723c751e8b465ee728b)  -> (artifact id: '269edea4afcb0826779ed6e9fcfe7441') in 0.018552 seconds 
  Import took 0.022789 seconds .

========================================================================
Received Import Request.
  Time since last request: 0.000252 seconds.
  path: Assets/Art/Tiles/FloorGrassToBricksCorner_4.asset
  artifactKey: Guid(7365e746a0eb14ddaba8bbccfc1d0b9c) Importer(815301076,1909f56bfc062723c751e8b465ee728b)
Start importing Assets/Art/Tiles/FloorGrassToBricksCorner_4.asset using Guid(7365e746a0eb14ddaba8bbccfc1d0b9c) Importer(815301076,1909f56bfc062723c751e8b465ee728b)  -> (artifact id: 'dbd42604c67e0d73f1875dbc3fbc59f0') in 0.017346 seconds 
  Import took 0.021921 seconds .

========================================================================
Received Import Request.
  Time since last request: 0.000330 seconds.
  path: Assets/Art/Tiles/FloorBricksToGrassCorner_5.asset
  artifactKey: Guid(90c0cb16ce12c444a9bd5feeea65f961) Importer(815301076,1909f56bfc062723c751e8b465ee728b)
Start importing Assets/Art/Tiles/FloorBricksToGrassCorner_5.asset using Guid(90c0cb16ce12c444a9bd5feeea65f961) Importer(815301076,1909f56bfc062723c751e8b465ee728b)  -> (artifact id: '6bba7d93360371e2e79e199820d792b0') in 0.013612 seconds 
  Import took 0.019741 seconds .

========================================================================
Received Import Request.
  Time since last request: 0.000663 seconds.
  path: Assets/Art/Tiles/FloorGrassToBricksSquare_2.asset
  artifactKey: Guid(0ac85e5616cc7461f84fb708e5c43354) Importer(815301076,1909f56bfc062723c751e8b465ee728b)
Start importing Assets/Art/Tiles/FloorGrassToBricksSquare_2.asset using Guid(0ac85e5616cc7461f84fb708e5c43354) Importer(815301076,1909f56bfc062723c751e8b465ee728b)  -> (artifact id: '6675b153c47d5051d623207b1ecc3893') in 0.016999 seconds 
  Import took 0.021514 seconds .

